<?xml version="1.0" encoding="UTF-8"?>
<!-- Generated by org.testng.reporters.JUnitReportReporter -->
<testsuite hostname="DESKTOP-7APVUQ4" failures="0" tests="2" name="login_Module.Login_as_Assistant" time="57.641" errors="0" timestamp="2023-03-27T15:40:24 IST" skipped="0">
  <testcase classname="login_Module.Login_as_Assistant" name="login_as_Assistant" time="43.851"/>
  <system-out>
    <![CDATA[Login Page is Displayed and varified upon Title
Popup is displayed and varified upon popup text
Dashboard is displayed and varified on board name
Popup is displayed and varified upon popup text]]>
  </system-out>
  <testcase classname="login_Module.Login_as_Assistant" name="login_as_Assistant" time="13.790"/>
  <system-out>
    <![CDATA[Login Page is Displayed and varified upon Title
Popup is displayed and varified upon popup text
Dashboard is displayed and varified on board name
Popup is displayed and varified upon popup text]]>
  </system-out>
</testsuite> <!-- login_Module.Login_as_Assistant -->
