<?xml version="1.0" encoding="UTF-8"?>
<!-- Generated by org.testng.reporters.JUnitReportReporter -->
<testsuite hostname="DESKTOP-7APVUQ4" failures="0" tests="3" name="practice.Practice_textNG" time="0.023" errors="0" timestamp="2023-03-23T16:27:20 IST" skipped="0">
  <testcase classname="practice.Practice_textNG" name="TYSS" time="0.003"/>
  <system-out/>
  <testcase classname="practice.Practice_textNG" name="TYSS" time="0.017"/>
  <system-out/>
  <testcase classname="practice.Practice_textNG" name="TYSS" time="0.003"/>
  <system-out/>
</testsuite> <!-- practice.Practice_textNG -->
