<?xml version="1.0" encoding="UTF-8"?>
<!-- Generated by org.testng.reporters.JUnitReportReporter -->
<testsuite hostname="DESKTOP-7APVUQ4" failures="0" tests="29" name="practice.DataProviderFromAnotherClass" time="0.105" errors="0" timestamp="2023-03-24T10:43:43 IST" skipped="0">
  <testcase classname="practice.DataProviderFromAnotherClass" name="readTheDataFromExcelToDP_ToScript" time="0.001"/>
  <system-out/>
  <testcase classname="practice.DataProviderFromAnotherClass" name="readTheDataFromExcelToDP_ToScript" time="0.002"/>
  <system-out/>
  <testcase classname="practice.DataProviderFromAnotherClass" name="readTheDataFromExcelToDP_ToScript" time="0.002"/>
  <system-out/>
  <testcase classname="practice.DataProviderFromAnotherClass" name="readTheDataFromExcelToDP_ToScript" time="0.005"/>
  <system-out/>
  <testcase classname="practice.DataProviderFromAnotherClass" name="readTheDataFromExcelToDP_ToScript" time="0.002"/>
  <system-out/>
  <testcase classname="practice.DataProviderFromAnotherClass" name="readTheDataFromExcelToDP_ToScript" time="0.002"/>
  <system-out/>
  <testcase classname="practice.DataProviderFromAnotherClass" name="readTheDataFromExcelToDP_ToScript" time="0.004"/>
  <system-out/>
  <testcase classname="practice.DataProviderFromAnotherClass" name="readTheDataFromExcelToDP_ToScript" time="0.002"/>
  <system-out/>
  <testcase classname="practice.DataProviderFromAnotherClass" name="readTheDataFromExcelToDP_ToScript" time="0.001"/>
  <system-out/>
  <testcase classname="practice.DataProviderFromAnotherClass" name="readTheDataFromExcelToDP_ToScript" time="0.006"/>
  <system-out/>
  <testcase classname="practice.DataProviderFromAnotherClass" name="readTheDataFromExcelToDP_ToScript" time="0.002"/>
  <system-out/>
  <testcase classname="practice.DataProviderFromAnotherClass" name="readTheDataFromExcelToDP_ToScript" time="0.003"/>
  <system-out/>
  <testcase classname="practice.DataProviderFromAnotherClass" name="readTheDataFromExcelToDP_ToScript" time="0.003"/>
  <system-out/>
  <testcase classname="practice.DataProviderFromAnotherClass" name="readTheDataFromExcelToDP_ToScript" time="0.005"/>
  <system-out/>
  <testcase classname="practice.DataProviderFromAnotherClass" name="readTheDataFromExcelToDP_ToScript" time="0.007"/>
  <system-out/>
  <testcase classname="practice.DataProviderFromAnotherClass" name="readTheDataFromExcelToDP_ToScript" time="0.002"/>
  <system-out/>
  <testcase classname="practice.DataProviderFromAnotherClass" name="readTheDataFromExcelToDP_ToScript" time="0.003"/>
  <system-out/>
  <testcase classname="practice.DataProviderFromAnotherClass" name="readTheDataFromExcelToDP_ToScript" time="0.005"/>
  <system-out/>
  <testcase classname="practice.DataProviderFromAnotherClass" name="readTheDataFromExcelToDP_ToScript" time="0.012"/>
  <system-out/>
  <testcase classname="practice.DataProviderFromAnotherClass" name="readTheDataFromExcelToDP_ToScript" time="0.003"/>
  <system-out/>
  <testcase classname="practice.DataProviderFromAnotherClass" name="readTheDataFromExcelToDP_ToScript" time="0.002"/>
  <system-out/>
  <testcase classname="practice.DataProviderFromAnotherClass" name="readTheDataFromExcelToDP_ToScript" time="0.001"/>
  <system-out/>
  <testcase classname="practice.DataProviderFromAnotherClass" name="readTheDataFromExcelToDP_ToScript" time="0.002"/>
  <system-out/>
  <testcase classname="practice.DataProviderFromAnotherClass" name="readTheDataFromExcelToDP_ToScript" time="0.001"/>
  <system-out/>
  <testcase classname="practice.DataProviderFromAnotherClass" name="readTheDataFromExcelToDP_ToScript" time="0.008"/>
  <system-out/>
  <testcase classname="practice.DataProviderFromAnotherClass" name="readTheDataFromExcelToDP_ToScript" time="0.008"/>
  <system-out/>
  <testcase classname="practice.DataProviderFromAnotherClass" name="readTheDataFromExcelToDP_ToScript" time="0.005"/>
  <system-out/>
  <testcase classname="practice.DataProviderFromAnotherClass" name="readTheDataFromExcelToDP_ToScript" time="0.004"/>
  <system-out/>
  <testcase classname="practice.DataProviderFromAnotherClass" name="readTheDataFromExcelToDP_ToScript" time="0.002"/>
  <system-out/>
</testsuite> <!-- practice.DataProviderFromAnotherClass -->
