<?xml version="1.0" encoding="UTF-8"?>
<!-- Generated by org.testng.reporters.JUnitReportReporter -->
<testsuite hostname="DESKTOP-7APVUQ4" failures="0" tests="9" name="practice.Practice_TestNG01" time="0.113" errors="0" timestamp="2023-03-24T09:48:14 IST" skipped="0">
  <testcase classname="practice.Practice_TestNG01" name="test02" time="0.037"/>
  <system-out/>
  <testcase classname="practice.Practice_TestNG01" name="test06" time="0.009"/>
  <system-out/>
  <testcase classname="practice.Practice_TestNG01" name="test06" time="0.004"/>
  <system-out/>
  <testcase classname="practice.Practice_TestNG01" name="test01" time="0.013"/>
  <system-out/>
  <testcase classname="practice.Practice_TestNG01" name="test06" time="0.010"/>
  <system-out/>
  <testcase classname="practice.Practice_TestNG01" name="test04" time="0.008"/>
  <system-out/>
  <testcase classname="practice.Practice_TestNG01" name="test03" time="0.007"/>
  <system-out/>
  <testcase classname="practice.Practice_TestNG01" name="test05" time="0.013"/>
  <system-out/>
  <testcase classname="practice.Practice_TestNG01" name="test07" time="0.012"/>
  <system-out/>
</testsuite> <!-- practice.Practice_TestNG01 -->
