<?xml version="1.0" encoding="UTF-8"?>
<!-- Generated by org.testng.reporters.JUnitReportReporter -->
<testsuite hostname="DESKTOP-7APVUQ4" failures="0" tests="3" name="practice.data2" time="0.022" errors="0" timestamp="2023-03-23T16:29:06 IST" skipped="0">
  <testcase classname="practice.data2" name="dataFromDiffclass" time="0.001"/>
  <system-out/>
  <testcase classname="practice.data2" name="dataFromDiffclass" time="0.018"/>
  <system-out/>
  <testcase classname="practice.data2" name="dataFromDiffclass" time="0.003"/>
  <system-out/>
</testsuite> <!-- practice.data2 -->
